<?xml version="1.0" encoding="UTF-8"?>
<!-- Generated by org.testng.reporters.JUnitReportReporter -->
<testsuite hostname="Navaneet-PC" failures="0" tests="1" name="TestNgPackage.NewTest" time="0.009" errors="0" timestamp="2024-02-15T21:41:02 IST" skipped="0">
  <testcase classname="TestNgPackage.NewTest" name="testcase1" time="0.009"/>
</testsuite> <!-- TestNgPackage.NewTest -->
