<?xml version="1.0" encoding="UTF-8"?>
<!-- Generated by org.testng.reporters.JUnitReportReporter -->
<testsuite hostname="Navaneet-PC" failures="0" tests="3" name="TestNgPackage.FirstTestNGProgram" time="0.019" errors="0" timestamp="2024-02-15T21:57:33 IST" skipped="0">
  <testcase classname="TestNgPackage.FirstTestNGProgram" name="f3" time="0.014"/>
  <testcase classname="TestNgPackage.FirstTestNGProgram" name="f1" time="0.003"/>
  <testcase classname="TestNgPackage.FirstTestNGProgram" name="f2" time="0.002"/>
</testsuite> <!-- TestNgPackage.FirstTestNGProgram -->
