<?xml version="1.0" encoding="UTF-8"?>
<!-- Generated by org.testng.reporters.JUnitReportReporter -->
<testsuite hostname="Navaneet-PC" failures="0" tests="1" name="Package.TestNG.TestCase1" time="0.014" errors="0" timestamp="2024-02-15T22:35:48 IST" skipped="0">
  <testcase classname="Package.TestNG.TestCase1" name="testName" time="0.014"/>
</testsuite> <!-- Package.TestNG.TestCase1 -->
